<?xml version="1.0" encoding="UTF-8"?>
<!-- Generated by org.testng.reporters.JUnitXMLReporter -->
<testsuite ignored="0" hostname="DESKTOP-NU2HF77" failures="0" tests="4" name="Default test" time="58.203" errors="0" timestamp="2025-06-21T11:01:05 IST">
  <testcase classname="mvnFrameWorks.shoppingOrder4Test" name="productShoppings" time="9.45"/>
  <testcase classname="mvnFrameWorks.shoppingOrder4Test" name="productShoppings" time="9.359"/>
  <testcase classname="mvnFrameWorks.shoppingOrder4Test" name="productShoppings" time="9.289"/>
  <testcase classname="mvnFrameWorks.shoppingOrder4Test" name="verifyOrderHistory" time="0.77"/>
</testsuite> <!-- Default test -->
