<?xml version="1.0" encoding="UTF-8"?>
<!-- Generated by org.testng.reporters.JUnitXMLReporter -->
<testsuite ignored="0" hostname="DESKTOP-NU2HF77" failures="0" tests="3" name="Default test" time="42.799" errors="0" timestamp="2025-06-21T16:30:58 IST">
  <testcase classname="mvnFrameWorks.shoppingOrder5Test" name="productShoppings" time="9.332"/>
  <testcase classname="mvnFrameWorks.shoppingOrder5Test" name="productShoppings" time="8.746"/>
  <testcase classname="mvnFrameWorks.shoppingOrder5Test" name="verifyOrderHistory" time="0.864"/>
</testsuite> <!-- Default test -->
