<?xml version="1.0" encoding="UTF-8"?>
<!-- Generated by org.testng.reporters.JUnitXMLReporter -->
<testsuite ignored="0" hostname="DESKTOP-NU2HF77" failures="1" tests="6" name="DataVariablesLogin" time="17.084" errors="0" timestamp="2025-06-12T16:17:32 IST">
  <testcase classname="testNG.dataVariableLogin" name="login" time="5.681"/>
  <testcase classname="testNG.dataVariableLogin" name="login" time="3.746"/>
  <testcase classname="testNG.dataVariableLogin" name="login" time="3.743"/>
  <testcase classname="testNG.dataVariableLogin" name="login" time="3.794"/>
  <testcase classname="testNG.test1" name="OpenEnrollment1" time="0.006"/>
  <testcase classname="testNG.test1" name="OpenEnrollment2" time="0.022">
    <failure type="java.lang.AssertionError" message="expected [true] but found [false]">
      <![CDATA[java.lang.AssertionError: expected [true] but found [false]
at testNG.test1.OpenEnrollment2(test1.java:29)
at java.base/java.util.ArrayList.forEach(ArrayList.java:1596)
at java.base/java.util.concurrent.FutureTask.run(FutureTask.java:317)
at java.base/java.util.concurrent.ThreadPoolExecutor.runWorker(ThreadPoolExecutor.java:1144)
at java.base/java.util.concurrent.ThreadPoolExecutor$Worker.run(ThreadPoolExecutor.java:642)
at java.base/java.lang.Thread.run(Thread.java:1583)
... Removed 19 stack frames]]>
    </failure>
  </testcase> <!-- OpenEnrollment2 -->
</testsuite> <!-- DataVariablesLogin -->
