<?xml version="1.0" encoding="UTF-8"?>
<!-- Generated by org.testng.reporters.JUnitXMLReporter -->
<testsuite ignored="0" hostname="DESKTOP-NU2HF77" failures="0" tests="3" name="Data Providers" time="35.43" errors="0" timestamp="2025-05-09T20:31:36 IST">
  <testcase classname="mvnFrameWorks.shoppingOrder2Test" name="productShoppings" time="8.966"/>
  <testcase classname="mvnFrameWorks.shoppingOrder2Test" name="productShoppings" time="8.957"/>
  <testcase classname="mvnFrameWorks.shoppingOrder2Test" name="verifyOrderHistory" time="0.644"/>
</testsuite> <!-- Data Providers -->
