<?xml version="1.0" encoding="UTF-8"?>
<!-- Generated by org.testng.reporters.JUnitXMLReporter -->
<testsuite ignored="0" hostname="DESKTOP-NU2HF77" failures="0" tests="3" name="Data Providers" time="34.471" errors="0" timestamp="2025-05-06T18:14:03 IST">
  <testcase classname="mvnFrameWorks.shoppingOrder2Test" name="productShoppings" time="8.501"/>
  <testcase classname="mvnFrameWorks.shoppingOrder2Test" name="productShoppings" time="8.37"/>
  <testcase classname="mvnFrameWorks.shoppingOrder2Test" name="verifyOrderHistory" time="0.64"/>
</testsuite> <!-- Data Providers -->
