<?xml version="1.0" encoding="UTF-8"?>
<!-- Generated by org.testng.reporters.JUnitXMLReporter -->
<testsuite ignored="0" hostname="DESKTOP-NU2HF77" failures="0" tests="3" name="ExcelDataDriven" time="38.886" errors="0" timestamp="2025-06-05T16:40:40 IST">
  <testcase classname="mvnFrameWorks.shoppingOrder5Test" name="productShoppings" time="9.028"/>
  <testcase classname="mvnFrameWorks.shoppingOrder5Test" name="productShoppings" time="9.127"/>
  <testcase classname="mvnFrameWorks.shoppingOrder5Test" name="verifyOrderHistory" time="0.796"/>
</testsuite> <!-- ExcelDataDriven -->
