<?xml version="1.0" encoding="UTF-8"?>
<!-- Generated by org.testng.reporters.JUnitXMLReporter -->
<testsuite ignored="0" hostname="DESKTOP-NU2HF77" failures="0" tests="3" name="HashMapData" time="36.079" errors="0" timestamp="2025-05-06T18:15:25 IST">
  <testcase classname="mvnFrameWorks.shoppingOrder3Test" name="productShoppings" time="9.031"/>
  <testcase classname="mvnFrameWorks.shoppingOrder3Test" name="productShoppings" time="8.893"/>
  <testcase classname="mvnFrameWorks.shoppingOrder3Test" name="verifyOrderHistory" time="0.614"/>
</testsuite> <!-- HashMapData -->
