<?xml version="1.0" encoding="UTF-8"?>
<!-- Generated by org.testng.reporters.JUnitXMLReporter -->
<testsuite ignored="0" hostname="DESKTOP-NU2HF77" failures="0" tests="3" name="JsonDataRahul" time="38.356" errors="0" timestamp="2025-06-05T16:45:15 IST">
  <testcase classname="mvnFrameWorks.shoppingOrder4Test" name="productShoppings" time="8.783"/>
  <testcase classname="mvnFrameWorks.shoppingOrder4Test" name="productShoppings" time="9.155"/>
  <testcase classname="mvnFrameWorks.shoppingOrder4Test" name="verifyOrderHistory" time="0.913"/>
</testsuite> <!-- JsonDataRahul -->
