<?xml version="1.0" encoding="UTF-8"?>
<!-- Generated by org.testng.reporters.JUnitXMLReporter -->
<testsuite ignored="0" hostname="DESKTOP-NU2HF77" failures="1" tests="2" name="JsonDataRahul" time="0.3" errors="0" timestamp="2025-05-06T18:14:36 IST">
  <testcase classname="mvnFrameWorks.shoppingOrder4Test" name="productShoppings" time="0.0">
    <failure type="java.lang.RuntimeException" message="com.fasterxml.jackson.databind.exc.MismatchedInputException: Cannot deserialize value of type `java.util.ArrayList&amp;lt;java.util.HashMap&amp;lt;java.lang.String,java.lang.String&amp;gt;&amp;gt;` from Object value (token `JsonToken.START_OBJECT`)
 at [Source: REDACTED (`StreamReadFeature.INCLUDE_SOURCE_IN_LOCATION` disabled); line: 1, column: 1]">
      <![CDATA[java.lang.RuntimeException: com.fasterxml.jackson.databind.exc.MismatchedInputException: Cannot deserialize value of type `java.util.ArrayList<java.util.HashMap<java.lang.String,java.lang.String>>` from Object value (token `JsonToken.START_OBJECT`)
 at [Source: REDACTED (`StreamReadFeature.INCLUDE_SOURCE_IN_LOCATION` disabled); line: 1, column: 1]
at java.base/java.util.ArrayList.forEach(ArrayList.java:1511)
Caused by: com.fasterxml.jackson.databind.exc.MismatchedInputException: Cannot deserialize value of type `java.util.ArrayList<java.util.HashMap<java.lang.String,java.lang.String>>` from Object value (token `JsonToken.START_OBJECT`)
 at [Source: REDACTED (`StreamReadFeature.INCLUDE_SOURCE_IN_LOCATION` disabled); line: 1, column: 1]
at com.fasterxml.jackson.databind.exc.MismatchedInputException.from(MismatchedInputException.java:59)
at com.fasterxml.jackson.databind.DeserializationContext.reportInputMismatch(DeserializationContext.java:1767)
at com.fasterxml.jackson.databind.DeserializationContext.handleUnexpectedToken(DeserializationContext.java:1541)
at com.fasterxml.jackson.databind.DeserializationContext.handleUnexpectedToken(DeserializationContext.java:1488)
at com.fasterxml.jackson.databind.deser.std.CollectionDeserializer.handleNonArray(CollectionDeserializer.java:402)
at com.fasterxml.jackson.databind.deser.std.CollectionDeserializer.deserialize(CollectionDeserializer.java:254)
at com.fasterxml.jackson.databind.deser.std.CollectionDeserializer.deserialize(CollectionDeserializer.java:30)
at com.fasterxml.jackson.databind.deser.DefaultDeserializationContext.readRootValue(DefaultDeserializationContext.java:342)
at com.fasterxml.jackson.databind.ObjectMapper._readMapAndClose(ObjectMapper.java:4931)
at com.fasterxml.jackson.databind.ObjectMapper.readValue(ObjectMapper.java:3868)
at com.fasterxml.jackson.databind.ObjectMapper.readValue(ObjectMapper.java:3851)
at utilities.invokingBrowser.getJsonData(invokingBrowser.java:82)
at mvnFrameWorks.shoppingOrder4Test.getData(shoppingOrder4Test.java:49)
... 25 more
... Removed 32 stack frames]]>
    </failure>
  </testcase> <!-- productShoppings -->
  <testcase classname="mvnFrameWorks.shoppingOrder4Test" name="verifyOrderHistory" time="0.0">
    <skipped/>
  </testcase> <!-- verifyOrderHistory -->
</testsuite> <!-- JsonDataRahul -->
