<?xml version="1.0" encoding="UTF-8"?>
<!-- Generated by org.testng.reporters.JUnitXMLReporter -->
<testsuite ignored="0" hostname="DESKTOP-NU2HF77" failures="0" tests="2" name="Login Product Match" time="23.881" errors="0" timestamp="2025-05-06T18:25:29 GMT+05:30">
  <testcase classname="mvnFrameWorks.shoppingOrder1Test" name="productShoppings" time="8.693"/>
  <testcase classname="mvnFrameWorks.shoppingOrder1Test" name="verifyOrderHistory" time="0.688"/>
</testsuite> <!-- Login Product Match -->
