<?xml version="1.0" encoding="UTF-8"?>
<!-- Generated by org.testng.reporters.JUnitXMLReporter -->
<testsuite ignored="0" hostname="DESKTOP-NU2HF77" failures="1" tests="3" name="Login Errors" time="24.212" errors="0" timestamp="2025-05-06T18:25:29 GMT+05:30">
  <testcase classname="mvnFrameWorks.loginValidationTest" name="loginTest" time="0.501">
    <skipped/>
  </testcase> <!-- loginTest -->
  <testcase classname="mvnFrameWorks.loginValidationTest" name="loginTest" time="0.395">
    <failure type="org.junit.ComparisonFailure" message="expected:&amp;lt;Incorrect email [] password.&amp;gt; but was:&amp;lt;Incorrect email [or] password.&amp;gt;">
      <![CDATA[org.junit.ComparisonFailure: expected:<Incorrect email [] password.> but was:<Incorrect email [or] password.>
at org.junit.Assert.assertEquals(Assert.java:117)
at org.junit.Assert.assertEquals(Assert.java:146)
at mvnFrameWorks.loginValidationTest.loginTest(loginValidationTest.java:19)
at java.base/java.util.ArrayList.forEach(ArrayList.java:1511)
at java.base/java.util.concurrent.FutureTask.run(FutureTask.java:264)
at java.base/java.util.concurrent.ThreadPoolExecutor.runWorker(ThreadPoolExecutor.java:1136)
at java.base/java.util.concurrent.ThreadPoolExecutor$Worker.run(ThreadPoolExecutor.java:635)
at java.base/java.lang.Thread.run(Thread.java:842)
... Removed 17 stack frames]]>
    </failure>
  </testcase> <!-- loginTest -->
  <testcase classname="mvnFrameWorks.loginValidationTest" name="prdMatch" time="3.363"/>
</testsuite> <!-- Login Errors -->
