<?xml version="1.0" encoding="UTF-8"?>
<!-- Generated by org.testng.reporters.JUnitXMLReporter -->
<testsuite ignored="0" hostname="DESKTOP-NU2HF77" failures="0" tests="3" name="Data Providers" time="40.541" errors="0" timestamp="2025-05-09T21:30:02 IST">
  <testcase classname="mvnFrameWorks.shoppingOrder2Test" name="productShoppings" time="9.045"/>
  <testcase classname="mvnFrameWorks.shoppingOrder2Test" name="productShoppings" time="9.092"/>
  <testcase classname="mvnFrameWorks.shoppingOrder2Test" name="verifyOrderHistory" time="0.918"/>
</testsuite> <!-- Data Providers -->
