<?xml version="1.0" encoding="UTF-8"?>
<!-- Generated by org.testng.reporters.JUnitXMLReporter -->
<testsuite ignored="0" hostname="DESKTOP-NU2HF77" failures="1" tests="5" name="Regression" time="42.276" errors="0" timestamp="2025-05-09T21:45:39 IST">
  <testcase classname="mvnFrameWorks.shoppingOrder1Test" name="productShoppings" time="8.543"/>
  <testcase classname="mvnFrameWorks.shoppingOrder1Test" name="verifyOrderHistory" time="0.614"/>
  <testcase classname="mvnFrameWorks.loginValidationTest" name="loginTest" time="0.407">
    <skipped/>
  </testcase> <!-- loginTest -->
  <testcase classname="mvnFrameWorks.loginValidationTest" name="loginTest" time="0.399">
    <failure type="org.junit.ComparisonFailure" message="expected:&amp;lt;Incorrect email [] password.&amp;gt; but was:&amp;lt;Incorrect email [or] password.&amp;gt;">
      <![CDATA[org.junit.ComparisonFailure: expected:<Incorrect email [] password.> but was:<Incorrect email [or] password.>
at org.junit.Assert.assertEquals(Assert.java:117)
at org.junit.Assert.assertEquals(Assert.java:146)
at mvnFrameWorks.loginValidationTest.loginTest(loginValidationTest.java:19)
at java.base/java.util.ArrayList.forEach(ArrayList.java:1511)
... Removed 31 stack frames]]>
    </failure>
  </testcase> <!-- loginTest -->
  <testcase classname="mvnFrameWorks.loginValidationTest" name="prdMatch" time="3.674"/>
</testsuite> <!-- Regression -->
