<?xml version="1.0" encoding="UTF-8"?>
<testsuite xmlns:xsi="http://www.w3.org/2001/XMLSchema-instance" xsi:noNamespaceSchemaLocation="https://maven.apache.org/surefire/maven-surefire-plugin/xsd/surefire-test-report-3.0.xsd" version="3.0" name="TestSuite" time="42.865" tests="5" errors="0" skipped="1" failures="1">
  <properties>
[...]
</properties>
  <testcase name="productShoppings" classname="mvnFrameWorks.shoppingOrder1Test" time="8.543"/>
  <testcase name="verifyOrderHistory" classname="mvnFrameWorks.shoppingOrder1Test" time="0.611"/>
  <testcase name="loginTest" classname="mvnFrameWorks.loginValidationTest" time="0">
    <skipped message="expected:&lt;Incorrect email [] password.&gt; but was:&lt;Incorrect email [or] password.&gt;"/>
  </testcase>
  <testcase name="loginTest" classname="mvnFrameWorks.loginValidationTest" time="0.405">
    <failure message="expected:&lt;Incorrect email [] password.&gt; but was:&lt;Incorrect email [or] password.&gt;" type="org.junit.ComparisonFailure"><![CDATA[org.junit.ComparisonFailure: expected:<Incorrect email [] password.> but was:<Incorrect email [or] password.>
	at mvnFrameWorks.loginValidationTest.loginTest(loginValidationTest.java:19)
]]></failure>
  </testcase>
  <testcase name="prdMatch" classname="mvnFrameWorks.loginValidationTest" time="3.673"/>
</testsuite>