<?xml version="1.0" encoding="UTF-8"?>
<testng-results retried="1" ignored="1" total="6" passed="3" failed="1" skipped="0">
  <reporter-output>
  </reporter-output>
  <suite started-at="2025-05-09T21:44:56 IST" name="Suite" finished-at="2025-05-09T21:45:39 IST" duration-ms="42276">
    <groups>
    </groups>
    <test started-at="2025-05-09T21:44:56 IST" name="Regression" finished-at="2025-05-09T21:45:39 IST" duration-ms="42276">
      <class name="mvnFrameWorks.shoppingOrder1Test">
        <test-method is-config="true" signature="launchBrowser()[pri:0, instance:mvnFrameWorks.shoppingOrder1Test@50b472aa]" started-at="2025-05-09T21:44:57 IST" name="launchBrowser" finished-at="2025-05-09T21:45:02 IST" duration-ms="5452" status="PASS">
          <reporter-output>
          </reporter-output>
        </test-method> <!-- launchBrowser -->
        <test-method signature="productShoppings()[pri:0, instance:mvnFrameWorks.shoppingOrder1Test@50b472aa]" started-at="2025-05-09T21:45:02 IST" name="productShoppings" finished-at="2025-05-09T21:45:11 IST" duration-ms="8543" status="PASS">
          <reporter-output>
          </reporter-output>
        </test-method> <!-- productShoppings -->
        <test-method is-config="true" signature="quitDriver()[pri:0, instance:mvnFrameWorks.shoppingOrder1Test@50b472aa]" started-at="2025-05-09T21:45:11 IST" name="quitDriver" finished-at="2025-05-09T21:45:11 IST" duration-ms="931" status="PASS">
          <reporter-output>
          </reporter-output>
        </test-method> <!-- quitDriver -->
        <test-method is-config="true" signature="launchBrowser()[pri:0, instance:mvnFrameWorks.shoppingOrder1Test@50b472aa]" started-at="2025-05-09T21:45:11 IST" name="launchBrowser" finished-at="2025-05-09T21:45:16 IST" duration-ms="4848" status="PASS">
          <reporter-output>
          </reporter-output>
        </test-method> <!-- launchBrowser -->
        <test-method signature="verifyOrderHistory()[pri:0, instance:mvnFrameWorks.shoppingOrder1Test@50b472aa]" started-at="2025-05-09T21:45:16 IST" name="verifyOrderHistory" finished-at="2025-05-09T21:45:17 IST" depends-on-methods="mvnFrameWorks.shoppingOrder1Test.productShoppings" duration-ms="614" status="PASS">
          <reporter-output>
          </reporter-output>
        </test-method> <!-- verifyOrderHistory -->
        <test-method is-config="true" signature="quitDriver()[pri:0, instance:mvnFrameWorks.shoppingOrder1Test@50b472aa]" started-at="2025-05-09T21:45:17 IST" name="quitDriver" finished-at="2025-05-09T21:45:18 IST" duration-ms="1036" status="PASS">
          <reporter-output>
          </reporter-output>
        </test-method> <!-- quitDriver -->
      </class> <!-- mvnFrameWorks.shoppingOrder1Test -->
      <class name="mvnFrameWorks.loginValidationTest">
        <test-method is-config="true" signature="launchBrowser()[pri:0, instance:mvnFrameWorks.loginValidationTest@43195e57]" started-at="2025-05-09T21:45:18 IST" name="launchBrowser" finished-at="2025-05-09T21:45:22 IST" duration-ms="4382" status="PASS">
          <reporter-output>
          </reporter-output>
        </test-method> <!-- launchBrowser -->
        <test-method retried="true" signature="loginTest()[pri:0, instance:mvnFrameWorks.loginValidationTest@43195e57]" started-at="2025-05-09T21:45:22 IST" name="loginTest" finished-at="2025-05-09T21:45:23 IST" duration-ms="407" status="SKIP">
          <exception class="org.junit.ComparisonFailure">
            <message>
              <![CDATA[expected:<Incorrect email [] password.> but was:<Incorrect email [or] password.>]]>
            </message>
            <full-stacktrace>
              <![CDATA[org.junit.ComparisonFailure: expected:<Incorrect email [] password.> but was:<Incorrect email [or] password.>
at org.junit.Assert.assertEquals(Assert.java:117)
at org.junit.Assert.assertEquals(Assert.java:146)
at mvnFrameWorks.loginValidationTest.loginTest(loginValidationTest.java:19)
at java.base/jdk.internal.reflect.NativeMethodAccessorImpl.invoke0(Native Method)
at java.base/jdk.internal.reflect.NativeMethodAccessorImpl.invoke(NativeMethodAccessorImpl.java:77)
at java.base/jdk.internal.reflect.DelegatingMethodAccessorImpl.invoke(DelegatingMethodAccessorImpl.java:43)
at java.base/java.lang.reflect.Method.invoke(Method.java:568)
at org.testng.internal.invokers.MethodInvocationHelper.invokeMethod(MethodInvocationHelper.java:141)
at org.testng.internal.invokers.TestInvoker.invokeMethod(TestInvoker.java:686)
at org.testng.internal.invokers.TestInvoker.invokeTestMethod(TestInvoker.java:230)
at org.testng.internal.invokers.MethodRunner.runInSequence(MethodRunner.java:63)
at org.testng.internal.invokers.TestInvoker$MethodInvocationAgent.invoke(TestInvoker.java:992)
at org.testng.internal.invokers.TestInvoker.invokeTestMethods(TestInvoker.java:203)
at org.testng.internal.invokers.TestMethodWorker.invokeTestMethods(TestMethodWorker.java:154)
at org.testng.internal.invokers.TestMethodWorker.run(TestMethodWorker.java:134)
at java.base/java.util.ArrayList.forEach(ArrayList.java:1511)
at org.testng.TestRunner.privateRun(TestRunner.java:739)
at org.testng.TestRunner.run(TestRunner.java:614)
at org.testng.SuiteRunner.runTest(SuiteRunner.java:421)
at org.testng.SuiteRunner.runSequentially(SuiteRunner.java:413)
at org.testng.SuiteRunner.privateRun(SuiteRunner.java:373)
at org.testng.SuiteRunner.run(SuiteRunner.java:312)
at org.testng.SuiteRunnerWorker.runSuite(SuiteRunnerWorker.java:52)
at org.testng.SuiteRunnerWorker.run(SuiteRunnerWorker.java:95)
at org.testng.TestNG.runSuitesSequentially(TestNG.java:1274)
at org.testng.TestNG.runSuitesLocally(TestNG.java:1208)
at org.testng.TestNG.runSuites(TestNG.java:1112)
at org.testng.TestNG.run(TestNG.java:1079)
at org.apache.maven.surefire.testng.TestNGExecutor.run(TestNGExecutor.java:283)
at org.apache.maven.surefire.testng.TestNGXmlTestSuite.execute(TestNGXmlTestSuite.java:75)
at org.apache.maven.surefire.testng.TestNGProvider.invoke(TestNGProvider.java:120)
at org.apache.maven.surefire.booter.ForkedBooter.runSuitesInProcess(ForkedBooter.java:377)
at org.apache.maven.surefire.booter.ForkedBooter.execute(ForkedBooter.java:138)
at org.apache.maven.surefire.booter.ForkedBooter.run(ForkedBooter.java:465)
at org.apache.maven.surefire.booter.ForkedBooter.main(ForkedBooter.java:451)
]]>
            </full-stacktrace>
          </exception> <!-- org.junit.ComparisonFailure -->
          <reporter-output>
          </reporter-output>
        </test-method> <!-- loginTest -->
        <test-method is-config="true" signature="quitDriver()[pri:0, instance:mvnFrameWorks.loginValidationTest@43195e57]" started-at="2025-05-09T21:45:23 IST" name="quitDriver" finished-at="2025-05-09T21:45:24 IST" duration-ms="1081" status="PASS">
          <reporter-output>
          </reporter-output>
        </test-method> <!-- quitDriver -->
        <test-method is-config="true" signature="launchBrowser()[pri:0, instance:mvnFrameWorks.loginValidationTest@43195e57]" started-at="2025-05-09T21:45:24 IST" name="launchBrowser" finished-at="2025-05-09T21:45:28 IST" duration-ms="4391" status="PASS">
          <reporter-output>
          </reporter-output>
        </test-method> <!-- launchBrowser -->
        <test-method signature="loginTest()[pri:0, instance:mvnFrameWorks.loginValidationTest@43195e57]" started-at="2025-05-09T21:45:28 IST" name="loginTest" finished-at="2025-05-09T21:45:29 IST" duration-ms="399" status="FAIL">
          <exception class="org.junit.ComparisonFailure">
            <message>
              <![CDATA[expected:<Incorrect email [] password.> but was:<Incorrect email [or] password.>]]>
            </message>
            <full-stacktrace>
              <![CDATA[org.junit.ComparisonFailure: expected:<Incorrect email [] password.> but was:<Incorrect email [or] password.>
at org.junit.Assert.assertEquals(Assert.java:117)
at org.junit.Assert.assertEquals(Assert.java:146)
at mvnFrameWorks.loginValidationTest.loginTest(loginValidationTest.java:19)
at java.base/jdk.internal.reflect.NativeMethodAccessorImpl.invoke0(Native Method)
at java.base/jdk.internal.reflect.NativeMethodAccessorImpl.invoke(NativeMethodAccessorImpl.java:77)
at java.base/jdk.internal.reflect.DelegatingMethodAccessorImpl.invoke(DelegatingMethodAccessorImpl.java:43)
at java.base/java.lang.reflect.Method.invoke(Method.java:568)
at org.testng.internal.invokers.MethodInvocationHelper.invokeMethod(MethodInvocationHelper.java:141)
at org.testng.internal.invokers.TestInvoker.invokeMethod(TestInvoker.java:686)
at org.testng.internal.invokers.TestInvoker.retryFailed(TestInvoker.java:269)
at org.testng.internal.invokers.MethodRunner.runInSequence(MethodRunner.java:76)
at org.testng.internal.invokers.TestInvoker$MethodInvocationAgent.invoke(TestInvoker.java:992)
at org.testng.internal.invokers.TestInvoker.invokeTestMethods(TestInvoker.java:203)
at org.testng.internal.invokers.TestMethodWorker.invokeTestMethods(TestMethodWorker.java:154)
at org.testng.internal.invokers.TestMethodWorker.run(TestMethodWorker.java:134)
at java.base/java.util.ArrayList.forEach(ArrayList.java:1511)
at org.testng.TestRunner.privateRun(TestRunner.java:739)
at org.testng.TestRunner.run(TestRunner.java:614)
at org.testng.SuiteRunner.runTest(SuiteRunner.java:421)
at org.testng.SuiteRunner.runSequentially(SuiteRunner.java:413)
at org.testng.SuiteRunner.privateRun(SuiteRunner.java:373)
at org.testng.SuiteRunner.run(SuiteRunner.java:312)
at org.testng.SuiteRunnerWorker.runSuite(SuiteRunnerWorker.java:52)
at org.testng.SuiteRunnerWorker.run(SuiteRunnerWorker.java:95)
at org.testng.TestNG.runSuitesSequentially(TestNG.java:1274)
at org.testng.TestNG.runSuitesLocally(TestNG.java:1208)
at org.testng.TestNG.runSuites(TestNG.java:1112)
at org.testng.TestNG.run(TestNG.java:1079)
at org.apache.maven.surefire.testng.TestNGExecutor.run(TestNGExecutor.java:283)
at org.apache.maven.surefire.testng.TestNGXmlTestSuite.execute(TestNGXmlTestSuite.java:75)
at org.apache.maven.surefire.testng.TestNGProvider.invoke(TestNGProvider.java:120)
at org.apache.maven.surefire.booter.ForkedBooter.runSuitesInProcess(ForkedBooter.java:377)
at org.apache.maven.surefire.booter.ForkedBooter.execute(ForkedBooter.java:138)
at org.apache.maven.surefire.booter.ForkedBooter.run(ForkedBooter.java:465)
at org.apache.maven.surefire.booter.ForkedBooter.main(ForkedBooter.java:451)
]]>
            </full-stacktrace>
          </exception> <!-- org.junit.ComparisonFailure -->
          <reporter-output>
          </reporter-output>
        </test-method> <!-- loginTest -->
        <test-method is-config="true" signature="quitDriver()[pri:0, instance:mvnFrameWorks.loginValidationTest@43195e57]" started-at="2025-05-09T21:45:29 IST" name="quitDriver" finished-at="2025-05-09T21:45:30 IST" duration-ms="995" status="PASS">
          <reporter-output>
          </reporter-output>
        </test-method> <!-- quitDriver -->
        <test-method is-config="true" signature="launchBrowser()[pri:0, instance:mvnFrameWorks.loginValidationTest@43195e57]" started-at="2025-05-09T21:45:30 IST" name="launchBrowser" finished-at="2025-05-09T21:45:34 IST" duration-ms="4329" status="PASS">
          <reporter-output>
          </reporter-output>
        </test-method> <!-- launchBrowser -->
        <test-method signature="prdMatch()[pri:0, instance:mvnFrameWorks.loginValidationTest@43195e57]" started-at="2025-05-09T21:45:34 IST" name="prdMatch" finished-at="2025-05-09T21:45:38 IST" duration-ms="3674" status="PASS">
          <reporter-output>
          </reporter-output>
        </test-method> <!-- prdMatch -->
        <test-method is-config="true" signature="quitDriver()[pri:0, instance:mvnFrameWorks.loginValidationTest@43195e57]" started-at="2025-05-09T21:45:38 IST" name="quitDriver" finished-at="2025-05-09T21:45:39 IST" duration-ms="1127" status="PASS">
          <reporter-output>
          </reporter-output>
        </test-method> <!-- quitDriver -->
      </class> <!-- mvnFrameWorks.loginValidationTest -->
    </test> <!-- Regression -->
  </suite> <!-- Suite -->
</testng-results>
