-------------------------------------------------------------------------------
Test set: TestSuite
-------------------------------------------------------------------------------
Tests run: 5, Failures: 1, Errors: 0, Skipped: 1, Time elapsed: 42.865 s <<< FAILURE! - in TestSuite
mvnFrameWorks.loginValidationTest.loginTest  Time elapsed: 0.405 s  <<< FAILURE!
org.junit.ComparisonFailure: expected:<Incorrect email [] password.> but was:<Incorrect email [or] password.>
	at mvnFrameWorks.loginValidationTest.loginTest(loginValidationTest.java:19)

