<?xml version="1.0" encoding="UTF-8"?>
<testng-results retried="1" ignored="0" total="5" passed="3" failed="1" skipped="0">
  <reporter-output>
  </reporter-output>
  <suite started-at="2025-05-06T18:25:05 GMT+05:30" name="Suite" finished-at="2025-05-06T18:25:29 GMT+05:30" duration-ms="24212">
    <groups>
    </groups>
    <test started-at="2025-05-06T18:25:05 GMT+05:30" name="Login Product Match" finished-at="2025-05-06T18:25:29 GMT+05:30" duration-ms="23881">
      <class name="mvnFrameWorks.shoppingOrder1Test">
        <test-method is-config="true" signature="launchBrowser()[pri:0, instance:mvnFrameWorks.shoppingOrder1Test@36804139]" started-at="2025-05-06T18:25:05 GMT+05:30" name="launchBrowser" finished-at="2025-05-06T18:25:12 GMT+05:30" duration-ms="6583" status="PASS">
          <reporter-output>
          </reporter-output>
        </test-method> <!-- launchBrowser -->
        <test-method signature="productShoppings()[pri:0, instance:mvnFrameWorks.shoppingOrder1Test@36804139]" started-at="2025-05-06T18:25:12 GMT+05:30" name="productShoppings" finished-at="2025-05-06T18:25:20 GMT+05:30" duration-ms="8693" status="PASS">
          <reporter-output>
          </reporter-output>
        </test-method> <!-- productShoppings -->
        <test-method is-config="true" signature="quitDriver()[pri:0, instance:mvnFrameWorks.shoppingOrder1Test@36804139]" started-at="2025-05-06T18:25:20 GMT+05:30" name="quitDriver" finished-at="2025-05-06T18:25:22 GMT+05:30" duration-ms="1263" status="PASS">
          <reporter-output>
          </reporter-output>
        </test-method> <!-- quitDriver -->
        <test-method is-config="true" signature="launchBrowser()[pri:0, instance:mvnFrameWorks.shoppingOrder1Test@36804139]" started-at="2025-05-06T18:25:22 GMT+05:30" name="launchBrowser" finished-at="2025-05-06T18:25:27 GMT+05:30" duration-ms="5620" status="PASS">
          <reporter-output>
          </reporter-output>
        </test-method> <!-- launchBrowser -->
        <test-method signature="verifyOrderHistory()[pri:0, instance:mvnFrameWorks.shoppingOrder1Test@36804139]" started-at="2025-05-06T18:25:27 GMT+05:30" name="verifyOrderHistory" finished-at="2025-05-06T18:25:28 GMT+05:30" depends-on-methods="mvnFrameWorks.shoppingOrder1Test.productShoppings" duration-ms="688" status="PASS">
          <reporter-output>
          </reporter-output>
        </test-method> <!-- verifyOrderHistory -->
        <test-method is-config="true" signature="quitDriver()[pri:0, instance:mvnFrameWorks.shoppingOrder1Test@36804139]" started-at="2025-05-06T18:25:28 GMT+05:30" name="quitDriver" finished-at="2025-05-06T18:25:29 GMT+05:30" duration-ms="983" status="PASS">
          <reporter-output>
          </reporter-output>
        </test-method> <!-- quitDriver -->
      </class> <!-- mvnFrameWorks.shoppingOrder1Test -->
    </test> <!-- Login Product Match -->
    <test started-at="2025-05-06T18:25:05 GMT+05:30" name="Login Errors" finished-at="2025-05-06T18:25:29 GMT+05:30" duration-ms="24212">
      <class name="mvnFrameWorks.loginValidationTest">
        <test-method is-config="true" signature="launchBrowser()[pri:0, instance:mvnFrameWorks.loginValidationTest@1890516e]" started-at="2025-05-06T18:25:05 GMT+05:30" name="launchBrowser" finished-at="2025-05-06T18:25:11 GMT+05:30" duration-ms="6155" status="PASS">
          <reporter-output>
          </reporter-output>
        </test-method> <!-- launchBrowser -->
        <test-method retried="true" signature="loginTest()[pri:0, instance:mvnFrameWorks.loginValidationTest@1890516e]" started-at="2025-05-06T18:25:11 GMT+05:30" name="loginTest" finished-at="2025-05-06T18:25:12 GMT+05:30" duration-ms="501" status="SKIP">
          <exception class="org.junit.ComparisonFailure">
            <message>
              <![CDATA[expected:<Incorrect email [] password.> but was:<Incorrect email [or] password.>]]>
            </message>
            <full-stacktrace>
              <![CDATA[org.junit.ComparisonFailure: expected:<Incorrect email [] password.> but was:<Incorrect email [or] password.>
at org.junit.Assert.assertEquals(Assert.java:117)
at org.junit.Assert.assertEquals(Assert.java:146)
at mvnFrameWorks.loginValidationTest.loginTest(loginValidationTest.java:19)
at java.base/jdk.internal.reflect.NativeMethodAccessorImpl.invoke0(Native Method)
at java.base/jdk.internal.reflect.NativeMethodAccessorImpl.invoke(NativeMethodAccessorImpl.java:77)
at java.base/jdk.internal.reflect.DelegatingMethodAccessorImpl.invoke(DelegatingMethodAccessorImpl.java:43)
at java.base/java.lang.reflect.Method.invoke(Method.java:568)
at org.testng.internal.invokers.MethodInvocationHelper.invokeMethod(MethodInvocationHelper.java:141)
at org.testng.internal.invokers.TestInvoker.invokeMethod(TestInvoker.java:687)
at org.testng.internal.invokers.TestInvoker.invokeTestMethod(TestInvoker.java:230)
at org.testng.internal.invokers.MethodRunner.runInSequence(MethodRunner.java:63)
at org.testng.internal.invokers.TestInvoker$MethodInvocationAgent.invoke(TestInvoker.java:995)
at org.testng.internal.invokers.TestInvoker.invokeTestMethods(TestInvoker.java:203)
at org.testng.internal.invokers.TestMethodWorker.invokeTestMethods(TestMethodWorker.java:154)
at org.testng.internal.invokers.TestMethodWorker.run(TestMethodWorker.java:134)
at java.base/java.util.ArrayList.forEach(ArrayList.java:1511)
at org.testng.TestRunner.privateRun(TestRunner.java:741)
at org.testng.TestRunner.run(TestRunner.java:616)
at org.testng.SuiteRunner.runTest(SuiteRunner.java:421)
at org.testng.SuiteRunner$SuiteWorker.run(SuiteRunner.java:463)
at org.testng.internal.thread.ThreadUtil.lambda$execute$0(ThreadUtil.java:64)
at java.base/java.util.concurrent.FutureTask.run(FutureTask.java:264)
at java.base/java.util.concurrent.ThreadPoolExecutor.runWorker(ThreadPoolExecutor.java:1136)
at java.base/java.util.concurrent.ThreadPoolExecutor$Worker.run(ThreadPoolExecutor.java:635)
at java.base/java.lang.Thread.run(Thread.java:842)
]]>
            </full-stacktrace>
          </exception> <!-- org.junit.ComparisonFailure -->
          <reporter-output>
          </reporter-output>
        </test-method> <!-- loginTest -->
        <test-method is-config="true" signature="quitDriver()[pri:0, instance:mvnFrameWorks.loginValidationTest@1890516e]" started-at="2025-05-06T18:25:12 GMT+05:30" name="quitDriver" finished-at="2025-05-06T18:25:13 GMT+05:30" duration-ms="1237" status="PASS">
          <reporter-output>
          </reporter-output>
        </test-method> <!-- quitDriver -->
        <test-method is-config="true" signature="launchBrowser()[pri:0, instance:mvnFrameWorks.loginValidationTest@1890516e]" started-at="2025-05-06T18:25:13 GMT+05:30" name="launchBrowser" finished-at="2025-05-06T18:25:18 GMT+05:30" duration-ms="4895" status="PASS">
          <reporter-output>
          </reporter-output>
        </test-method> <!-- launchBrowser -->
        <test-method signature="loginTest()[pri:0, instance:mvnFrameWorks.loginValidationTest@1890516e]" started-at="2025-05-06T18:25:18 GMT+05:30" name="loginTest" finished-at="2025-05-06T18:25:18 GMT+05:30" duration-ms="395" status="FAIL">
          <exception class="org.junit.ComparisonFailure">
            <message>
              <![CDATA[expected:<Incorrect email [] password.> but was:<Incorrect email [or] password.>]]>
            </message>
            <full-stacktrace>
              <![CDATA[org.junit.ComparisonFailure: expected:<Incorrect email [] password.> but was:<Incorrect email [or] password.>
at org.junit.Assert.assertEquals(Assert.java:117)
at org.junit.Assert.assertEquals(Assert.java:146)
at mvnFrameWorks.loginValidationTest.loginTest(loginValidationTest.java:19)
at java.base/jdk.internal.reflect.NativeMethodAccessorImpl.invoke0(Native Method)
at java.base/jdk.internal.reflect.NativeMethodAccessorImpl.invoke(NativeMethodAccessorImpl.java:77)
at java.base/jdk.internal.reflect.DelegatingMethodAccessorImpl.invoke(DelegatingMethodAccessorImpl.java:43)
at java.base/java.lang.reflect.Method.invoke(Method.java:568)
at org.testng.internal.invokers.MethodInvocationHelper.invokeMethod(MethodInvocationHelper.java:141)
at org.testng.internal.invokers.TestInvoker.invokeMethod(TestInvoker.java:687)
at org.testng.internal.invokers.TestInvoker.retryFailed(TestInvoker.java:269)
at org.testng.internal.invokers.MethodRunner.runInSequence(MethodRunner.java:76)
at org.testng.internal.invokers.TestInvoker$MethodInvocationAgent.invoke(TestInvoker.java:995)
at org.testng.internal.invokers.TestInvoker.invokeTestMethods(TestInvoker.java:203)
at org.testng.internal.invokers.TestMethodWorker.invokeTestMethods(TestMethodWorker.java:154)
at org.testng.internal.invokers.TestMethodWorker.run(TestMethodWorker.java:134)
at java.base/java.util.ArrayList.forEach(ArrayList.java:1511)
at org.testng.TestRunner.privateRun(TestRunner.java:741)
at org.testng.TestRunner.run(TestRunner.java:616)
at org.testng.SuiteRunner.runTest(SuiteRunner.java:421)
at org.testng.SuiteRunner$SuiteWorker.run(SuiteRunner.java:463)
at org.testng.internal.thread.ThreadUtil.lambda$execute$0(ThreadUtil.java:64)
at java.base/java.util.concurrent.FutureTask.run(FutureTask.java:264)
at java.base/java.util.concurrent.ThreadPoolExecutor.runWorker(ThreadPoolExecutor.java:1136)
at java.base/java.util.concurrent.ThreadPoolExecutor$Worker.run(ThreadPoolExecutor.java:635)
at java.base/java.lang.Thread.run(Thread.java:842)
]]>
            </full-stacktrace>
          </exception> <!-- org.junit.ComparisonFailure -->
          <reporter-output>
          </reporter-output>
        </test-method> <!-- loginTest -->
        <test-method is-config="true" signature="quitDriver()[pri:0, instance:mvnFrameWorks.loginValidationTest@1890516e]" started-at="2025-05-06T18:25:18 GMT+05:30" name="quitDriver" finished-at="2025-05-06T18:25:19 GMT+05:30" duration-ms="1022" status="PASS">
          <reporter-output>
          </reporter-output>
        </test-method> <!-- quitDriver -->
        <test-method is-config="true" signature="launchBrowser()[pri:0, instance:mvnFrameWorks.loginValidationTest@1890516e]" started-at="2025-05-06T18:25:19 GMT+05:30" name="launchBrowser" finished-at="2025-05-06T18:25:24 GMT+05:30" duration-ms="4817" status="PASS">
          <reporter-output>
          </reporter-output>
        </test-method> <!-- launchBrowser -->
        <test-method signature="prdMatch()[pri:0, instance:mvnFrameWorks.loginValidationTest@1890516e]" started-at="2025-05-06T18:25:24 GMT+05:30" name="prdMatch" finished-at="2025-05-06T18:25:28 GMT+05:30" duration-ms="3363" status="PASS">
          <reporter-output>
          </reporter-output>
        </test-method> <!-- prdMatch -->
        <test-method is-config="true" signature="quitDriver()[pri:0, instance:mvnFrameWorks.loginValidationTest@1890516e]" started-at="2025-05-06T18:25:28 GMT+05:30" name="quitDriver" finished-at="2025-05-06T18:25:29 GMT+05:30" duration-ms="1528" status="PASS">
          <reporter-output>
          </reporter-output>
        </test-method> <!-- quitDriver -->
      </class> <!-- mvnFrameWorks.loginValidationTest -->
    </test> <!-- Login Errors -->
  </suite> <!-- Suite -->
</testng-results>
